2024-07-28 04:23:21,513 - root - INFO - Starting WAF on port 8080, proxying to http://localhost:8000
2024-07-28 04:23:27,935 - root - INFO - Received GET request for /
2024-07-28 04:23:27,936 - root - WARNING - Blocked request: Missing reCAPTCHA
2024-07-28 04:23:32,132 - root - INFO - Received GET request for /
2024-07-28 04:23:32,142 - root - WARNING - Blocked request: Missing reCAPTCHA
2024-07-28 04:25:57,412 - root - INFO - Starting WAF on port 8080, proxying to http://localhost:8000
2024-07-28 04:26:00,466 - root - INFO - Received GET request for /
2024-07-28 04:26:00,466 - root - WARNING - Blocked request: Missing reCAPTCHA
2024-07-28 04:30:32,471 - root - INFO - Starting WAF on port 8080, proxying to http://localhost:5000
2024-07-28 04:30:35,719 - root - INFO - Received GET request for /
2024-07-28 04:30:35,759 - root - INFO - Received GET request for /
2024-07-28 04:30:35,764 - root - INFO - Received GET request for /
2024-07-28 04:30:35,780 - root - INFO - Received GET request for /
2024-07-28 04:30:35,792 - root - INFO - Received GET request for /
2024-07-28 04:30:35,801 - root - INFO - Received GET request for /
2024-07-28 04:30:35,808 - root - INFO - Received GET request for /
2024-07-28 04:30:35,813 - root - INFO - Received GET request for /
2024-07-28 04:30:35,817 - root - INFO - Received GET request for /
2024-07-28 04:30:35,821 - root - INFO - Received GET request for /
2024-07-28 04:31:18,690 - root - INFO - Received GET request for /
2024-07-28 04:31:19,152 - root - INFO - Received GET request for /static/vendor/aos/aos.css
2024-07-28 04:31:19,163 - root - INFO - Received GET request for /static/vendor/bootstrap/css/bootstrap.min.css
2024-07-28 04:31:19,173 - root - INFO - Received GET request for /static/vendor/bootstrap-icons/bootstrap-icons.css
2024-07-28 04:31:19,184 - root - INFO - Received GET request for /static/vendor/boxicons/css/boxicons.min.css
2024-07-28 04:31:19,230 - root - INFO - Received GET request for /static/vendor/glightbox/css/glightbox.min.css
2024-07-28 04:31:19,244 - root - INFO - Received GET request for /static/vendor/remixicon/remixicon.css
2024-07-28 04:31:19,287 - root - INFO - Received GET request for /static/vendor/swiper/swiper-bundle.min.css
2024-07-28 04:31:19,327 - root - INFO - Received GET request for /static/css/style.css
2024-07-28 04:31:19,361 - root - INFO - Received GET request for /static/vendor/purecounter/purecounter_vanilla.js
2024-07-28 04:31:19,389 - root - WARNING - Blocked bot request from 127.0.0.1 with user agent Mozilla/5.0 (X11; Linux x86_64; rv:109.0) Gecko/20100101 Firefox/115.0
2024-07-28 04:31:19,389 - root - WARNING - Blocked bot request from 127.0.0.1 with user agent Mozilla/5.0 (X11; Linux x86_64; rv:109.0) Gecko/20100101 Firefox/115.0
2024-07-28 04:31:19,390 - root - WARNING - Blocked bot request from 127.0.0.1 with user agent Mozilla/5.0 (X11; Linux x86_64; rv:109.0) Gecko/20100101 Firefox/115.0
2024-07-28 04:31:19,391 - root - WARNING - Blocked bot request from 127.0.0.1 with user agent Mozilla/5.0 (X11; Linux x86_64; rv:109.0) Gecko/20100101 Firefox/115.0
2024-07-28 04:31:19,391 - root - WARNING - Blocked bot request from 127.0.0.1 with user agent Mozilla/5.0 (X11; Linux x86_64; rv:109.0) Gecko/20100101 Firefox/115.0
2024-07-28 04:31:19,392 - root - WARNING - Blocked bot request from 127.0.0.1 with user agent Mozilla/5.0 (X11; Linux x86_64; rv:109.0) Gecko/20100101 Firefox/115.0
2024-07-28 04:31:19,394 - root - WARNING - Blocked bot request from 127.0.0.1 with user agent Mozilla/5.0 (X11; Linux x86_64; rv:109.0) Gecko/20100101 Firefox/115.0
2024-07-28 04:31:19,394 - root - WARNING - Blocked bot request from 127.0.0.1 with user agent Mozilla/5.0 (X11; Linux x86_64; rv:109.0) Gecko/20100101 Firefox/115.0
2024-07-28 04:31:19,559 - root - WARNING - Blocked bot request from 127.0.0.1 with user agent Mozilla/5.0 (X11; Linux x86_64; rv:109.0) Gecko/20100101 Firefox/115.0
2024-07-28 04:31:19,562 - root - WARNING - Blocked bot request from 127.0.0.1 with user agent Mozilla/5.0 (X11; Linux x86_64; rv:109.0) Gecko/20100101 Firefox/115.0
2024-07-28 04:31:19,685 - root - WARNING - Blocked bot request from 127.0.0.1 with user agent Mozilla/5.0 (X11; Linux x86_64; rv:109.0) Gecko/20100101 Firefox/115.0
2024-07-28 04:31:19,687 - root - WARNING - Blocked bot request from 127.0.0.1 with user agent Mozilla/5.0 (X11; Linux x86_64; rv:109.0) Gecko/20100101 Firefox/115.0
2024-07-28 04:31:19,758 - root - WARNING - Blocked bot request from 127.0.0.1 with user agent Mozilla/5.0 (X11; Linux x86_64; rv:109.0) Gecko/20100101 Firefox/115.0
2024-07-28 04:31:19,817 - root - WARNING - Blocked bot request from 127.0.0.1 with user agent Mozilla/5.0 (X11; Linux x86_64; rv:109.0) Gecko/20100101 Firefox/115.0
2024-07-28 04:31:19,856 - root - WARNING - Blocked bot request from 127.0.0.1 with user agent Mozilla/5.0 (X11; Linux x86_64; rv:109.0) Gecko/20100101 Firefox/115.0
2024-07-28 04:31:20,260 - root - WARNING - Blocked bot request from 127.0.0.1 with user agent Mozilla/5.0 (X11; Linux x86_64; rv:109.0) Gecko/20100101 Firefox/115.0
2024-07-28 04:31:20,413 - root - WARNING - Blocked bot request from 127.0.0.1 with user agent Mozilla/5.0 (X11; Linux x86_64; rv:109.0) Gecko/20100101 Firefox/115.0
2024-07-28 04:31:30,431 - root - WARNING - Blocked bot request from 127.0.0.1 with user agent Mozilla/5.0 (X11; Linux x86_64; rv:109.0) Gecko/20100101 Firefox/115.0
2024-07-28 04:31:35,654 - root - WARNING - Blocked bot request from 127.0.0.1 with user agent Mozilla/5.0 (X11; Linux x86_64; rv:109.0) Gecko/20100101 Firefox/115.0
2024-07-28 04:31:46,567 - root - INFO - Received GET request for /
2024-07-28 04:31:46,856 - root - INFO - Received GET request for /static/vendor/aos/aos.css
2024-07-28 04:31:46,863 - root - INFO - Received GET request for /static/vendor/bootstrap/css/bootstrap.min.css
2024-07-28 04:31:46,875 - root - INFO - Received GET request for /static/vendor/bootstrap-icons/bootstrap-icons.css
2024-07-28 04:31:46,890 - root - INFO - Received GET request for /static/vendor/boxicons/css/boxicons.min.css
2024-07-28 04:31:46,906 - root - INFO - Received GET request for /static/vendor/glightbox/css/glightbox.min.css
2024-07-28 04:31:46,927 - root - INFO - Received GET request for /static/vendor/remixicon/remixicon.css
2024-07-28 04:31:46,939 - root - INFO - Received GET request for /static/vendor/swiper/swiper-bundle.min.css
2024-07-28 04:31:46,970 - root - INFO - Received GET request for /static/css/style.css
2024-07-28 04:31:46,975 - root - INFO - Received GET request for /static/vendor/purecounter/purecounter_vanilla.js
2024-07-28 04:31:46,985 - root - WARNING - Blocked bot request from 127.0.0.1 with user agent Mozilla/5.0 (X11; Linux x86_64; rv:109.0) Gecko/20100101 Firefox/115.0
2024-07-28 04:31:46,985 - root - WARNING - Blocked bot request from 127.0.0.1 with user agent Mozilla/5.0 (X11; Linux x86_64; rv:109.0) Gecko/20100101 Firefox/115.0
2024-07-28 04:31:46,986 - root - WARNING - Blocked bot request from 127.0.0.1 with user agent Mozilla/5.0 (X11; Linux x86_64; rv:109.0) Gecko/20100101 Firefox/115.0
2024-07-28 04:31:46,986 - root - WARNING - Blocked bot request from 127.0.0.1 with user agent Mozilla/5.0 (X11; Linux x86_64; rv:109.0) Gecko/20100101 Firefox/115.0
2024-07-28 04:31:46,987 - root - WARNING - Blocked bot request from 127.0.0.1 with user agent Mozilla/5.0 (X11; Linux x86_64; rv:109.0) Gecko/20100101 Firefox/115.0
2024-07-28 04:31:46,988 - root - WARNING - Blocked bot request from 127.0.0.1 with user agent Mozilla/5.0 (X11; Linux x86_64; rv:109.0) Gecko/20100101 Firefox/115.0
2024-07-28 04:31:46,989 - root - WARNING - Blocked bot request from 127.0.0.1 with user agent Mozilla/5.0 (X11; Linux x86_64; rv:109.0) Gecko/20100101 Firefox/115.0
2024-07-28 04:31:47,227 - root - WARNING - Blocked bot request from 127.0.0.1 with user agent Mozilla/5.0 (X11; Linux x86_64; rv:109.0) Gecko/20100101 Firefox/115.0
2024-07-28 04:31:47,229 - root - WARNING - Blocked bot request from 127.0.0.1 with user agent Mozilla/5.0 (X11; Linux x86_64; rv:109.0) Gecko/20100101 Firefox/115.0
2024-07-28 04:31:47,316 - root - WARNING - Blocked bot request from 127.0.0.1 with user agent Mozilla/5.0 (X11; Linux x86_64; rv:109.0) Gecko/20100101 Firefox/115.0
2024-07-28 04:31:47,367 - root - WARNING - Blocked bot request from 127.0.0.1 with user agent Mozilla/5.0 (X11; Linux x86_64; rv:109.0) Gecko/20100101 Firefox/115.0
2024-07-28 04:31:47,425 - root - WARNING - Blocked bot request from 127.0.0.1 with user agent Mozilla/5.0 (X11; Linux x86_64; rv:109.0) Gecko/20100101 Firefox/115.0
2024-07-28 04:31:47,441 - root - WARNING - Blocked bot request from 127.0.0.1 with user agent Mozilla/5.0 (X11; Linux x86_64; rv:109.0) Gecko/20100101 Firefox/115.0
2024-07-28 04:31:47,567 - root - WARNING - Blocked bot request from 127.0.0.1 with user agent Mozilla/5.0 (X11; Linux x86_64; rv:109.0) Gecko/20100101 Firefox/115.0
2024-07-28 04:31:47,667 - root - WARNING - Blocked bot request from 127.0.0.1 with user agent Mozilla/5.0 (X11; Linux x86_64; rv:109.0) Gecko/20100101 Firefox/115.0
2024-07-28 04:31:47,744 - root - WARNING - Blocked bot request from 127.0.0.1 with user agent Mozilla/5.0 (X11; Linux x86_64; rv:109.0) Gecko/20100101 Firefox/115.0
2024-07-28 04:31:49,985 - root - WARNING - Blocked bot request from 127.0.0.1 with user agent Mozilla/5.0 (X11; Linux x86_64; rv:109.0) Gecko/20100101 Firefox/115.0
2024-07-28 04:31:55,696 - root - WARNING - Blocked bot request from 127.0.0.1 with user agent Mozilla/5.0 (X11; Linux x86_64; rv:109.0) Gecko/20100101 Firefox/115.0
2024-07-28 04:31:58,620 - root - WARNING - Blocked bot request from 127.0.0.1 with user agent Mozilla/5.0 (X11; Linux x86_64; rv:109.0) Gecko/20100101 Firefox/115.0
2024-07-28 04:32:01,574 - root - WARNING - Blocked bot request from 127.0.0.1 with user agent Mozilla/5.0 (X11; Linux x86_64; rv:109.0) Gecko/20100101 Firefox/115.0
2024-07-28 04:32:04,433 - root - WARNING - Blocked bot request from 127.0.0.1 with user agent Mozilla/5.0 (X11; Linux x86_64; rv:109.0) Gecko/20100101 Firefox/115.0
2024-07-28 04:32:07,619 - root - WARNING - Blocked bot request from 127.0.0.1 with user agent Mozilla/5.0 (X11; Linux x86_64; rv:109.0) Gecko/20100101 Firefox/115.0
2024-07-28 04:36:55,318 - root - INFO - Starting WAF on port 8080, proxying to http://localhost:8000
2024-07-28 04:36:57,859 - root - INFO - Received GET request for /index.html
2024-07-28 04:37:02,876 - root - INFO - Received GET request for /
2024-07-28 04:37:30,346 - root - INFO - Starting WAF on port 8080, proxying to http://localhost:5000
2024-07-28 04:37:33,663 - root - INFO - Received GET request for /
2024-07-28 04:37:33,856 - root - INFO - Received GET request for /static/vendor/aos/aos.css
2024-07-28 04:37:33,862 - root - INFO - Received GET request for /static/vendor/bootstrap/css/bootstrap.min.css
2024-07-28 04:37:33,898 - root - INFO - Received GET request for /static/vendor/bootstrap-icons/bootstrap-icons.css
2024-07-28 04:37:33,928 - root - INFO - Received GET request for /static/vendor/boxicons/css/boxicons.min.css
2024-07-28 04:37:33,941 - root - INFO - Received GET request for /static/vendor/glightbox/css/glightbox.min.css
2024-07-28 04:37:33,946 - root - INFO - Received GET request for /static/vendor/remixicon/remixicon.css
2024-07-28 04:37:33,983 - root - INFO - Received GET request for /static/vendor/swiper/swiper-bundle.min.css
2024-07-28 04:37:33,995 - root - INFO - Received GET request for /static/css/style.css
2024-07-28 04:37:34,015 - root - INFO - Received GET request for /static/vendor/purecounter/purecounter_vanilla.js
2024-07-28 04:37:34,020 - root - INFO - Received GET request for /static/vendor/aos/aos.js
2024-07-28 04:37:34,040 - root - INFO - Received GET request for /static/vendor/bootstrap/js/bootstrap.bundle.min.js
2024-07-28 04:37:34,063 - root - INFO - Received GET request for /static/vendor/glightbox/js/glightbox.min.js
2024-07-28 04:37:34,081 - root - INFO - Received GET request for /static/vendor/isotope-layout/isotope.pkgd.min.js
2024-07-28 04:37:34,113 - root - INFO - Received GET request for /static/vendor/swiper/swiper-bundle.min.js
2024-07-28 04:37:34,143 - root - INFO - Received GET request for /static/vendor/php-email-form/validate.js
2024-07-28 04:37:34,176 - root - INFO - Received GET request for /static/js/main.js
2024-07-28 04:37:34,348 - root - INFO - Received GET request for /static/vendor/bootstrap-icons/fonts/bootstrap-icons.woff2?dd67030699838ea613ee6dbda90effa6
2024-07-28 04:37:37,173 - root - INFO - Received GET request for /about
2024-07-28 04:37:37,536 - root - INFO - Received GET request for /static/vendor/aos/aos.css
2024-07-28 04:37:37,555 - root - WARNING - Blocked bot request from 127.0.0.1 with user agent Mozilla/5.0 (X11; Linux x86_64; rv:109.0) Gecko/20100101 Firefox/115.0
2024-07-28 04:37:37,555 - root - WARNING - Blocked bot request from 127.0.0.1 with user agent Mozilla/5.0 (X11; Linux x86_64; rv:109.0) Gecko/20100101 Firefox/115.0
2024-07-28 04:37:37,556 - root - WARNING - Blocked bot request from 127.0.0.1 with user agent Mozilla/5.0 (X11; Linux x86_64; rv:109.0) Gecko/20100101 Firefox/115.0
2024-07-28 04:37:37,561 - root - WARNING - Blocked bot request from 127.0.0.1 with user agent Mozilla/5.0 (X11; Linux x86_64; rv:109.0) Gecko/20100101 Firefox/115.0
2024-07-28 04:37:37,562 - root - WARNING - Blocked bot request from 127.0.0.1 with user agent Mozilla/5.0 (X11; Linux x86_64; rv:109.0) Gecko/20100101 Firefox/115.0
2024-07-28 04:37:37,563 - root - WARNING - Blocked bot request from 127.0.0.1 with user agent Mozilla/5.0 (X11; Linux x86_64; rv:109.0) Gecko/20100101 Firefox/115.0
2024-07-28 04:37:37,563 - root - WARNING - Blocked bot request from 127.0.0.1 with user agent Mozilla/5.0 (X11; Linux x86_64; rv:109.0) Gecko/20100101 Firefox/115.0
2024-07-28 04:37:37,563 - root - WARNING - Blocked bot request from 127.0.0.1 with user agent Mozilla/5.0 (X11; Linux x86_64; rv:109.0) Gecko/20100101 Firefox/115.0
2024-07-28 04:37:37,567 - root - WARNING - Blocked bot request from 127.0.0.1 with user agent Mozilla/5.0 (X11; Linux x86_64; rv:109.0) Gecko/20100101 Firefox/115.0
2024-07-28 04:37:37,569 - root - WARNING - Blocked bot request from 127.0.0.1 with user agent Mozilla/5.0 (X11; Linux x86_64; rv:109.0) Gecko/20100101 Firefox/115.0
2024-07-28 04:37:37,584 - root - WARNING - Blocked bot request from 127.0.0.1 with user agent Mozilla/5.0 (X11; Linux x86_64; rv:109.0) Gecko/20100101 Firefox/115.0
2024-07-28 04:37:37,587 - root - WARNING - Blocked bot request from 127.0.0.1 with user agent Mozilla/5.0 (X11; Linux x86_64; rv:109.0) Gecko/20100101 Firefox/115.0
2024-07-28 04:37:37,590 - root - WARNING - Blocked bot request from 127.0.0.1 with user agent Mozilla/5.0 (X11; Linux x86_64; rv:109.0) Gecko/20100101 Firefox/115.0
2024-07-28 04:37:37,592 - root - WARNING - Blocked bot request from 127.0.0.1 with user agent Mozilla/5.0 (X11; Linux x86_64; rv:109.0) Gecko/20100101 Firefox/115.0
2024-07-28 04:37:37,594 - root - WARNING - Blocked bot request from 127.0.0.1 with user agent Mozilla/5.0 (X11; Linux x86_64; rv:109.0) Gecko/20100101 Firefox/115.0
2024-07-28 04:37:37,636 - root - WARNING - Blocked bot request from 127.0.0.1 with user agent Mozilla/5.0 (X11; Linux x86_64; rv:109.0) Gecko/20100101 Firefox/115.0
2024-07-28 04:37:37,828 - root - WARNING - Blocked bot request from 127.0.0.1 with user agent Mozilla/5.0 (X11; Linux x86_64; rv:109.0) Gecko/20100101 Firefox/115.0
2024-07-28 04:37:37,887 - root - WARNING - Blocked bot request from 127.0.0.1 with user agent Mozilla/5.0 (X11; Linux x86_64; rv:109.0) Gecko/20100101 Firefox/115.0
2024-07-28 04:37:47,200 - root - WARNING - Blocked bot request from 127.0.0.1 with user agent Mozilla/5.0 (X11; Linux x86_64; rv:109.0) Gecko/20100101 Firefox/115.0
2024-07-28 04:38:36,171 - root - WARNING - Blocked bot request from 127.0.0.1 with user agent Mozilla/5.0 (X11; Linux x86_64; rv:109.0) Gecko/20100101 Firefox/115.0
2024-07-28 04:38:39,377 - root - INFO - Starting WAF on port 8080, proxying to http://localhost:5000
2024-07-28 04:38:42,213 - root - INFO - Received GET request for /faq
2024-07-28 04:38:42,387 - root - INFO - Received GET request for /static/vendor/aos/aos.css
2024-07-28 04:38:42,403 - root - INFO - Received GET request for /static/vendor/bootstrap/css/bootstrap.min.css
2024-07-28 04:38:42,409 - root - INFO - Received GET request for /static/vendor/bootstrap-icons/bootstrap-icons.css
2024-07-28 04:38:42,420 - root - INFO - Received GET request for /static/vendor/boxicons/css/boxicons.min.css
2024-07-28 04:38:42,437 - root - INFO - Received GET request for /static/vendor/glightbox/css/glightbox.min.css
2024-07-28 04:38:42,467 - root - INFO - Received GET request for /static/css/style.css
2024-07-28 04:38:42,478 - root - INFO - Received GET request for /static/vendor/remixicon/remixicon.css
2024-07-28 04:38:42,490 - root - INFO - Received GET request for /static/vendor/swiper/swiper-bundle.min.css
2024-07-28 04:38:42,498 - root - INFO - Received GET request for /static/vendor/purecounter/purecounter_vanilla.js
2024-07-28 04:38:42,520 - root - INFO - Received GET request for /static/vendor/aos/aos.js
2024-07-28 04:38:42,550 - root - INFO - Received GET request for /static/vendor/bootstrap/js/bootstrap.bundle.min.js
2024-07-28 04:38:42,557 - root - INFO - Received GET request for /static/vendor/glightbox/js/glightbox.min.js
2024-07-28 04:38:42,569 - root - INFO - Received GET request for /static/vendor/isotope-layout/isotope.pkgd.min.js
2024-07-28 04:38:42,581 - root - INFO - Received GET request for /static/vendor/swiper/swiper-bundle.min.js
2024-07-28 04:38:42,600 - root - INFO - Received GET request for /static/vendor/php-email-form/validate.js
2024-07-28 04:38:42,611 - root - INFO - Received GET request for /static/js/main.js
2024-07-28 04:38:42,768 - root - INFO - Received GET request for /static/vendor/remixicon/remixicon.woff2?t=1708865856766
2024-07-28 04:38:45,544 - root - INFO - Received GET request for /contact
2024-07-28 04:38:46,062 - root - INFO - Received GET request for /static/vendor/aos/aos.css
2024-07-28 04:38:46,076 - root - INFO - Received GET request for /static/vendor/bootstrap/css/bootstrap.min.css
2024-07-28 04:38:46,097 - root - INFO - Received GET request for /static/vendor/bootstrap-icons/bootstrap-icons.css
2024-07-28 04:38:46,111 - root - INFO - Received GET request for /static/vendor/boxicons/css/boxicons.min.css
2024-07-28 04:38:46,132 - root - INFO - Received GET request for /static/vendor/remixicon/remixicon.css
2024-07-28 04:38:46,159 - root - INFO - Received GET request for /static/vendor/glightbox/css/glightbox.min.css
2024-07-28 04:38:46,172 - root - INFO - Received GET request for /static/vendor/swiper/swiper-bundle.min.css
2024-07-28 04:38:46,194 - root - INFO - Received GET request for /static/css/style.css
2024-07-28 04:38:46,214 - root - INFO - Received GET request for /static/vendor/aos/aos.js
2024-07-28 04:38:46,246 - root - INFO - Received GET request for /static/vendor/purecounter/purecounter_vanilla.js
2024-07-28 04:38:46,252 - root - INFO - Received GET request for /static/vendor/bootstrap/js/bootstrap.bundle.min.js
2024-07-28 04:38:46,256 - root - INFO - Received GET request for /static/vendor/glightbox/js/glightbox.min.js
2024-07-28 04:38:46,261 - root - INFO - Received GET request for /static/vendor/isotope-layout/isotope.pkgd.min.js
2024-07-28 04:38:46,269 - root - INFO - Received GET request for /static/vendor/swiper/swiper-bundle.min.js
2024-07-28 04:38:46,278 - root - INFO - Received GET request for /static/vendor/php-email-form/validate.js
2024-07-28 04:38:46,287 - root - INFO - Received GET request for /static/js/main.js
2024-07-28 04:38:47,621 - root - INFO - Received GET request for /features
2024-07-28 04:38:47,914 - root - INFO - Received GET request for /static/vendor/aos/aos.css
2024-07-28 04:38:47,931 - root - INFO - Received GET request for /static/vendor/boxicons/css/boxicons.min.css
2024-07-28 04:38:47,943 - root - INFO - Received GET request for /static/vendor/bootstrap/css/bootstrap.min.css
2024-07-28 04:38:47,977 - root - INFO - Received GET request for /static/vendor/bootstrap-icons/bootstrap-icons.css
2024-07-28 04:38:48,001 - root - INFO - Received GET request for /static/vendor/glightbox/css/glightbox.min.css
2024-07-28 04:38:48,017 - root - INFO - Received GET request for /static/vendor/remixicon/remixicon.css
2024-07-28 04:38:48,030 - root - INFO - Received GET request for /static/vendor/swiper/swiper-bundle.min.css
2024-07-28 04:38:48,053 - root - INFO - Received GET request for /static/css/style.css
2024-07-28 04:38:48,076 - root - INFO - Received GET request for /static/vendor/purecounter/purecounter_vanilla.js
2024-07-28 04:38:48,085 - root - INFO - Received GET request for /static/vendor/aos/aos.js
2024-07-28 04:38:48,096 - root - INFO - Received GET request for /static/vendor/bootstrap/js/bootstrap.bundle.min.js
2024-07-28 04:38:48,102 - root - INFO - Received GET request for /static/vendor/glightbox/js/glightbox.min.js
2024-07-28 04:38:48,125 - root - INFO - Received GET request for /static/vendor/isotope-layout/isotope.pkgd.min.js
2024-07-28 04:38:48,140 - root - INFO - Received GET request for /static/vendor/swiper/swiper-bundle.min.js
2024-07-28 04:38:48,151 - root - INFO - Received GET request for /static/vendor/php-email-form/validate.js
2024-07-28 04:38:48,156 - root - INFO - Received GET request for /static/js/main.js
2024-07-28 04:38:48,167 - root - INFO - Received GET request for /static/vendor/boxicons/fonts/boxicons.woff2
2024-07-28 04:38:50,672 - root - INFO - Received GET request for /login
2024-07-28 04:38:51,140 - root - INFO - Received GET request for /static/vendor/bootstrap/css/bootstrap.min.css
2024-07-28 04:38:51,167 - root - INFO - Received GET request for /static//static/vendor/animate/animate.css
2024-07-28 04:39:44,403 - root - INFO - Starting WAF on port 8080, proxying to http://localhost:5000
2024-07-28 04:39:44,607 - root - INFO - Received GET request for /static//static/vendor/animate/animate.css
2024-07-28 04:40:19,803 - root - INFO - Starting WAF on port 8080, proxying to http://localhost:5000
2024-07-28 04:40:19,976 - root - INFO - Received GET request for /
2024-07-28 04:40:20,212 - root - INFO - Received GET request for /static/vendor/aos/aos.css
2024-07-28 04:40:20,224 - root - INFO - Received GET request for /static/vendor/bootstrap/css/bootstrap.min.css
2024-07-28 04:40:20,231 - root - INFO - Received GET request for /static/vendor/boxicons/css/boxicons.min.css
2024-07-28 04:40:20,244 - root - INFO - Received GET request for /static/vendor/bootstrap-icons/bootstrap-icons.css
2024-07-28 04:40:20,263 - root - INFO - Received GET request for /static/vendor/swiper/swiper-bundle.min.css
2024-07-28 04:40:20,284 - root - INFO - Received GET request for /static/css/style.css
2024-07-28 04:40:20,299 - root - INFO - Received GET request for /static/vendor/purecounter/purecounter_vanilla.js
2024-07-28 04:40:20,328 - root - INFO - Received GET request for /static/vendor/remixicon/remixicon.css
2024-07-28 04:40:20,348 - root - INFO - Received GET request for /static/vendor/glightbox/css/glightbox.min.css
2024-07-28 04:40:20,353 - root - INFO - Received GET request for /static/vendor/aos/aos.js
2024-07-28 04:40:20,358 - root - INFO - Received GET request for /static/vendor/isotope-layout/isotope.pkgd.min.js
2024-07-28 04:40:20,362 - root - INFO - Received GET request for /static/vendor/swiper/swiper-bundle.min.js
2024-07-28 04:40:20,367 - root - INFO - Received GET request for /static/vendor/php-email-form/validate.js
2024-07-28 04:40:20,380 - root - INFO - Received GET request for /static/js/main.js
2024-07-28 04:40:20,401 - root - INFO - Received GET request for /static/img/hero-img.png
2024-07-28 04:40:20,469 - root - INFO - Received GET request for /static/vendor/bootstrap/js/bootstrap.bundle.min.js
2024-07-28 04:40:25,343 - root - INFO - Received GET request for /static/vendor/glightbox/js/glightbox.min.js
2024-07-28 04:40:28,443 - root - INFO - Received GET request for /about
2024-07-28 04:40:28,850 - root - INFO - Received GET request for /static/vendor/aos/aos.css
2024-07-28 04:40:28,857 - root - INFO - Received GET request for /static/vendor/bootstrap/css/bootstrap.min.css
2024-07-28 04:40:28,925 - root - INFO - Received GET request for /static/vendor/bootstrap-icons/bootstrap-icons.css
2024-07-28 04:40:28,933 - root - INFO - Received GET request for /static/vendor/boxicons/css/boxicons.min.css
2024-07-28 04:40:28,979 - root - INFO - Received GET request for /static/vendor/glightbox/css/glightbox.min.css
2024-07-28 04:40:28,994 - root - INFO - Received GET request for /static/vendor/remixicon/remixicon.css
2024-07-28 04:40:28,998 - root - INFO - Received GET request for /static/vendor/swiper/swiper-bundle.min.css
2024-07-28 04:40:29,004 - root - INFO - Received GET request for /static/css/style.css
2024-07-28 04:40:29,023 - root - INFO - Received GET request for /static/vendor/purecounter/purecounter_vanilla.js
2024-07-28 04:40:29,049 - root - INFO - Received GET request for /static/vendor/aos/aos.js
2024-07-28 04:40:29,063 - root - INFO - Received GET request for /static/vendor/bootstrap/js/bootstrap.bundle.min.js
2024-07-28 04:40:29,068 - root - INFO - Received GET request for /static/vendor/glightbox/js/glightbox.min.js
2024-07-28 04:40:29,072 - root - INFO - Received GET request for /static/vendor/isotope-layout/isotope.pkgd.min.js
2024-07-28 04:40:29,078 - root - INFO - Received GET request for /static/vendor/swiper/swiper-bundle.min.js
2024-07-28 04:40:29,101 - root - INFO - Received GET request for /static/vendor/php-email-form/validate.js
2024-07-28 04:40:29,120 - root - INFO - Received GET request for /static/js/main.js
2024-07-28 04:40:29,134 - root - INFO - Received GET request for /static/img/about-img.png
2024-07-28 04:40:31,408 - root - INFO - Received GET request for /features
2024-07-28 04:40:31,743 - root - INFO - Received GET request for /static/vendor/aos/aos.css
2024-07-28 04:40:31,757 - root - INFO - Received GET request for /static/vendor/bootstrap/css/bootstrap.min.css
2024-07-28 04:40:31,765 - root - INFO - Received GET request for /static/vendor/glightbox/css/glightbox.min.css
2024-07-28 04:40:31,771 - root - INFO - Received GET request for /static/vendor/boxicons/css/boxicons.min.css
2024-07-28 04:40:31,787 - root - INFO - Received GET request for /static/vendor/bootstrap-icons/bootstrap-icons.css
2024-07-28 04:40:31,805 - root - INFO - Received GET request for /static/vendor/remixicon/remixicon.css
2024-07-28 04:40:31,814 - root - INFO - Received GET request for /static/vendor/purecounter/purecounter_vanilla.js
2024-07-28 04:40:31,818 - root - INFO - Received GET request for /static/css/style.css
2024-07-28 04:40:31,827 - root - INFO - Received GET request for /static/vendor/aos/aos.js
2024-07-28 04:40:31,843 - root - INFO - Received GET request for /static/vendor/swiper/swiper-bundle.min.css
2024-07-28 04:40:31,857 - root - INFO - Received GET request for /static/vendor/bootstrap/js/bootstrap.bundle.min.js
2024-07-28 04:40:31,862 - root - INFO - Received GET request for /static/vendor/glightbox/js/glightbox.min.js
2024-07-28 04:40:31,879 - root - INFO - Received GET request for /static/vendor/isotope-layout/isotope.pkgd.min.js
2024-07-28 04:40:31,889 - root - INFO - Received GET request for /static/vendor/swiper/swiper-bundle.min.js
2024-07-28 04:40:31,897 - root - INFO - Received GET request for /static/vendor/php-email-form/validate.js
2024-07-28 04:40:31,902 - root - INFO - Received GET request for /static/js/main.js
2024-07-28 04:40:34,647 - root - INFO - Received GET request for /regiser
2024-07-28 04:40:39,306 - root - INFO - Received GET request for /contact
2024-07-28 04:40:39,531 - root - INFO - Received GET request for /static/vendor/aos/aos.css
2024-07-28 04:40:39,540 - root - INFO - Received GET request for /static/vendor/bootstrap/css/bootstrap.min.css
2024-07-28 04:40:39,557 - root - INFO - Received GET request for /static/vendor/bootstrap-icons/bootstrap-icons.css
2024-07-28 04:40:39,577 - root - INFO - Received GET request for /static/vendor/boxicons/css/boxicons.min.css
2024-07-28 04:40:39,611 - root - INFO - Received GET request for /static/vendor/remixicon/remixicon.css
2024-07-28 04:40:39,633 - root - INFO - Received GET request for /static/vendor/glightbox/css/glightbox.min.css
2024-07-28 04:40:39,641 - root - INFO - Received GET request for /static/vendor/swiper/swiper-bundle.min.css
2024-07-28 04:40:39,664 - root - INFO - Received GET request for /static/css/style.css
2024-07-28 04:40:39,674 - root - INFO - Received GET request for /static/vendor/purecounter/purecounter_vanilla.js
2024-07-28 04:40:39,681 - root - INFO - Received GET request for /static/vendor/aos/aos.js
2024-07-28 04:40:39,686 - root - INFO - Received GET request for /static/vendor/bootstrap/js/bootstrap.bundle.min.js
2024-07-28 04:40:39,691 - root - INFO - Received GET request for /static/vendor/glightbox/js/glightbox.min.js
2024-07-28 04:40:39,696 - root - INFO - Received GET request for /static/vendor/isotope-layout/isotope.pkgd.min.js
2024-07-28 04:40:39,737 - root - INFO - Received GET request for /static/vendor/swiper/swiper-bundle.min.js
2024-07-28 04:40:39,753 - root - INFO - Received GET request for /static/vendor/php-email-form/validate.js
2024-07-28 04:40:39,757 - root - INFO - Received GET request for /static/js/main.js
2024-07-28 04:40:42,388 - root - INFO - Received GET request for /login
2024-07-28 04:40:42,871 - root - INFO - Received GET request for /static/vendor/bootstrap/css/bootstrap.min.css
2024-07-28 04:40:42,892 - root - INFO - Received GET request for /static//static/vendor/animate/animate.css
2024-07-28 04:42:01,132 - root - INFO - Starting WAF on port 8080, proxying to http://localhost:5000
2024-07-28 04:42:05,140 - root - INFO - Received GET request for /%3Cscript%3Ealert(1)%3C/script%3E
2024-07-28 04:44:58,667 - root - INFO - Starting WAF on port 8080, proxying to http://localhost:5000
2024-07-28 04:45:03,119 - root - INFO - Received GET request for /
2024-07-28 04:45:03,421 - root - INFO - Received GET request for /static/vendor/aos/aos.css
2024-07-28 04:45:03,433 - root - INFO - Received GET request for /static/vendor/bootstrap/css/bootstrap.min.css
2024-07-28 04:45:03,461 - root - INFO - Received GET request for /static/vendor/bootstrap-icons/bootstrap-icons.css
2024-07-28 04:45:03,467 - root - INFO - Received GET request for /static/vendor/boxicons/css/boxicons.min.css
2024-07-28 04:45:03,471 - root - INFO - Received GET request for /static/vendor/glightbox/css/glightbox.min.css
2024-07-28 04:45:03,476 - root - INFO - Received GET request for /static/vendor/remixicon/remixicon.css
2024-07-28 04:45:03,493 - root - INFO - Received GET request for /static/vendor/swiper/swiper-bundle.min.css
2024-07-28 04:45:03,509 - root - INFO - Received GET request for /static/css/style.css
2024-07-28 04:45:03,514 - root - INFO - Received GET request for /static/vendor/purecounter/purecounter_vanilla.js
2024-07-28 04:45:03,521 - root - INFO - Received GET request for /static/vendor/aos/aos.js
2024-07-28 04:45:03,526 - root - INFO - Received GET request for /static/vendor/bootstrap/js/bootstrap.bundle.min.js
2024-07-28 04:45:03,530 - root - INFO - Received GET request for /static/vendor/glightbox/js/glightbox.min.js
2024-07-28 04:45:03,556 - root - INFO - Received GET request for /static/vendor/isotope-layout/isotope.pkgd.min.js
2024-07-28 04:45:03,568 - root - INFO - Received GET request for /static/vendor/swiper/swiper-bundle.min.js
2024-07-28 04:45:03,588 - root - INFO - Received GET request for /static/vendor/php-email-form/validate.js
2024-07-28 04:45:03,601 - root - INFO - Received GET request for /static/js/main.js
2024-07-28 04:45:03,608 - root - INFO - Received GET request for /static/img/hero-img.png
2024-07-28 04:45:06,487 - root - INFO - Received GET request for /about
2024-07-28 04:45:06,948 - root - INFO - Received GET request for /static/vendor/aos/aos.css
2024-07-28 04:45:06,961 - root - INFO - Received GET request for /static/vendor/bootstrap/css/bootstrap.min.css
2024-07-28 04:45:06,970 - root - INFO - Received GET request for /static/vendor/bootstrap-icons/bootstrap-icons.css
2024-07-28 04:45:06,984 - root - INFO - Received GET request for /static/vendor/boxicons/css/boxicons.min.css
2024-07-28 04:45:07,000 - root - INFO - Received GET request for /static/vendor/glightbox/css/glightbox.min.css
2024-07-28 04:45:07,012 - root - INFO - Received GET request for /static/vendor/remixicon/remixicon.css
2024-07-28 04:45:07,034 - root - INFO - Received GET request for /static/vendor/swiper/swiper-bundle.min.css
2024-07-28 04:45:07,056 - root - INFO - Received GET request for /static/vendor/purecounter/purecounter_vanilla.js
2024-07-28 04:45:07,060 - root - INFO - Received GET request for /static/css/style.css
2024-07-28 04:45:07,087 - root - INFO - Received GET request for /static/vendor/aos/aos.js
2024-07-28 04:45:07,098 - root - INFO - Received GET request for /static/vendor/bootstrap/js/bootstrap.bundle.min.js
2024-07-28 04:45:07,104 - root - INFO - Received GET request for /static/vendor/glightbox/js/glightbox.min.js
2024-07-28 04:45:07,112 - root - INFO - Received GET request for /static/vendor/isotope-layout/isotope.pkgd.min.js
2024-07-28 04:45:07,125 - root - INFO - Received GET request for /static/vendor/swiper/swiper-bundle.min.js
2024-07-28 04:45:07,131 - root - INFO - Received GET request for /static/vendor/php-email-form/validate.js
2024-07-28 04:45:07,140 - root - INFO - Received GET request for /static/js/main.js
2024-07-28 04:45:07,154 - root - INFO - Received GET request for /static/img/about-img.png
2024-07-28 04:45:08,864 - root - INFO - Received GET request for /features
2024-07-28 04:45:09,028 - root - INFO - Received GET request for /static/vendor/aos/aos.css
2024-07-28 04:45:09,050 - root - INFO - Received GET request for /static/vendor/bootstrap/css/bootstrap.min.css
2024-07-28 04:45:09,057 - root - INFO - Received GET request for /static/vendor/bootstrap-icons/bootstrap-icons.css
2024-07-28 04:45:09,074 - root - INFO - Received GET request for /static/vendor/boxicons/css/boxicons.min.css
2024-07-28 04:45:09,089 - root - INFO - Received GET request for /static/vendor/glightbox/css/glightbox.min.css
2024-07-28 04:45:09,108 - root - INFO - Received GET request for /static/vendor/remixicon/remixicon.css
2024-07-28 04:45:09,114 - root - INFO - Received GET request for /static/vendor/swiper/swiper-bundle.min.css
2024-07-28 04:45:09,121 - root - INFO - Received GET request for /static/css/style.css
2024-07-28 04:45:09,148 - root - INFO - Received GET request for /static/vendor/purecounter/purecounter_vanilla.js
2024-07-28 04:45:09,156 - root - INFO - Received GET request for /static/vendor/aos/aos.js
2024-07-28 04:45:09,176 - root - INFO - Received GET request for /static/vendor/bootstrap/js/bootstrap.bundle.min.js
2024-07-28 04:45:09,180 - root - INFO - Received GET request for /static/vendor/glightbox/js/glightbox.min.js
2024-07-28 04:45:09,185 - root - INFO - Received GET request for /static/vendor/isotope-layout/isotope.pkgd.min.js
2024-07-28 04:45:09,189 - root - INFO - Received GET request for /static/vendor/swiper/swiper-bundle.min.js
2024-07-28 04:45:09,196 - root - INFO - Received GET request for /static/vendor/php-email-form/validate.js
2024-07-28 04:45:09,199 - root - INFO - Received GET request for /static/js/main.js
2024-07-28 04:45:10,419 - root - INFO - Received GET request for /faq
2024-07-28 04:45:10,618 - root - INFO - Received GET request for /static/vendor/aos/aos.css
2024-07-28 04:45:10,633 - root - INFO - Received GET request for /static/vendor/bootstrap/css/bootstrap.min.css
2024-07-28 04:45:10,651 - root - INFO - Received GET request for /static/vendor/bootstrap-icons/bootstrap-icons.css
2024-07-28 04:45:10,663 - root - INFO - Received GET request for /static/vendor/boxicons/css/boxicons.min.css
2024-07-28 04:45:10,678 - root - INFO - Received GET request for /static/vendor/glightbox/css/glightbox.min.css
2024-07-28 04:45:10,687 - root - INFO - Received GET request for /static/vendor/remixicon/remixicon.css
2024-07-28 04:45:10,704 - root - INFO - Received GET request for /static/vendor/swiper/swiper-bundle.min.css
2024-07-28 04:45:10,737 - root - INFO - Received GET request for /static/css/style.css
2024-07-28 04:45:10,744 - root - INFO - Received GET request for /static/vendor/purecounter/purecounter_vanilla.js
2024-07-28 04:45:10,762 - root - INFO - Received GET request for /static/vendor/aos/aos.js
2024-07-28 04:45:10,787 - root - INFO - Received GET request for /static/vendor/bootstrap/js/bootstrap.bundle.min.js
2024-07-28 04:45:10,792 - root - INFO - Received GET request for /static/vendor/glightbox/js/glightbox.min.js
2024-07-28 04:45:10,800 - root - INFO - Received GET request for /static/vendor/isotope-layout/isotope.pkgd.min.js
2024-07-28 04:45:10,818 - root - INFO - Received GET request for /static/vendor/swiper/swiper-bundle.min.js
2024-07-28 04:45:10,833 - root - INFO - Received GET request for /static/vendor/php-email-form/validate.js
2024-07-28 04:45:10,852 - root - INFO - Received GET request for /static/js/main.js
2024-07-28 04:45:10,886 - root - INFO - Received GET request for /static/vendor/remixicon/remixicon.woff2?t=1708865856766
2024-07-28 04:45:12,158 - root - INFO - Received GET request for /contact
2024-07-28 04:45:12,457 - root - INFO - Received GET request for /static/vendor/aos/aos.css
2024-07-28 04:45:12,464 - root - INFO - Received GET request for /static/vendor/bootstrap/css/bootstrap.min.css
2024-07-28 04:45:12,468 - root - INFO - Received GET request for /static/vendor/bootstrap-icons/bootstrap-icons.css
2024-07-28 04:45:12,489 - root - INFO - Received GET request for /static/vendor/boxicons/css/boxicons.min.css
2024-07-28 04:45:12,503 - root - INFO - Received GET request for /static/vendor/glightbox/css/glightbox.min.css
2024-07-28 04:45:12,516 - root - INFO - Received GET request for /static/vendor/remixicon/remixicon.css
2024-07-28 04:45:12,541 - root - INFO - Received GET request for /static/vendor/swiper/swiper-bundle.min.css
2024-07-28 04:45:12,577 - root - INFO - Received GET request for /static/css/style.css
2024-07-28 04:45:12,605 - root - INFO - Received GET request for /static/vendor/purecounter/purecounter_vanilla.js
2024-07-28 04:45:12,617 - root - INFO - Received GET request for /static/vendor/aos/aos.js
2024-07-28 04:45:12,621 - root - INFO - Received GET request for /static/vendor/bootstrap/js/bootstrap.bundle.min.js
2024-07-28 04:45:12,625 - root - INFO - Received GET request for /static/vendor/glightbox/js/glightbox.min.js
2024-07-28 04:45:12,649 - root - INFO - Received GET request for /static/vendor/isotope-layout/isotope.pkgd.min.js
2024-07-28 04:45:12,678 - root - INFO - Received GET request for /static/vendor/swiper/swiper-bundle.min.js
2024-07-28 04:45:12,685 - root - INFO - Received GET request for /static/vendor/php-email-form/validate.js
2024-07-28 04:45:12,693 - root - INFO - Received GET request for /static/js/main.js
2024-07-28 04:45:32,654 - root - INFO - Received GET request for /%3Cscript%3Ealert(1)%3C/script%3E
2024-07-28 05:05:58,517 - root - INFO - Starting WAF on port 8080, proxying to http://localhost:5000
2024-07-28 05:06:02,969 - root - INFO - Received GET request for /'%20or%20'1'='1
2024-07-28 09:21:36,702 - root - INFO - Starting WAF on port 8080, proxying to http://localhost:5000
2024-07-28 09:22:24,279 - root - INFO - Received GET request for /
2024-07-28 09:22:24,640 - root - INFO - Received GET request for /static/vendor/aos/aos.css
2024-07-28 09:22:24,651 - root - INFO - Received GET request for /static/vendor/bootstrap/css/bootstrap.min.css
2024-07-28 09:22:24,665 - root - INFO - Received GET request for /static/vendor/bootstrap-icons/bootstrap-icons.css
2024-07-28 09:22:24,672 - root - INFO - Received GET request for /static/vendor/boxicons/css/boxicons.min.css
2024-07-28 09:22:24,685 - root - INFO - Received GET request for /static/vendor/glightbox/css/glightbox.min.css
2024-07-28 09:22:24,696 - root - INFO - Received GET request for /static/vendor/remixicon/remixicon.css
2024-07-28 09:22:24,705 - root - INFO - Received GET request for /static/vendor/swiper/swiper-bundle.min.css
2024-07-28 09:22:24,724 - root - INFO - Received GET request for /static/css/style.css
2024-07-28 09:22:24,742 - root - INFO - Received GET request for /static/vendor/purecounter/purecounter_vanilla.js
2024-07-28 09:22:24,747 - root - INFO - Received GET request for /static/vendor/aos/aos.js
2024-07-28 09:22:24,751 - root - INFO - Received GET request for /static/vendor/bootstrap/js/bootstrap.bundle.min.js
2024-07-28 09:22:24,766 - root - INFO - Received GET request for /static/vendor/glightbox/js/glightbox.min.js
2024-07-28 09:22:24,772 - root - INFO - Received GET request for /static/vendor/isotope-layout/isotope.pkgd.min.js
2024-07-28 09:22:24,782 - root - INFO - Received GET request for /static/vendor/swiper/swiper-bundle.min.js
2024-07-28 09:22:24,793 - root - INFO - Received GET request for /static/vendor/php-email-form/validate.js
2024-07-28 09:22:24,803 - root - INFO - Received GET request for /static/js/main.js
2024-07-28 09:22:24,820 - root - INFO - Received GET request for /static/img/hero-img.png
2024-07-28 09:22:25,034 - root - INFO - Received GET request for /static/vendor/bootstrap-icons/fonts/bootstrap-icons.woff2?dd67030699838ea613ee6dbda90effa6
2024-07-28 09:22:25,093 - root - INFO - Received GET request for /static/img/logo.png
2024-07-28 09:22:46,985 - root - INFO - Received GET request for /
2024-07-28 09:22:47,200 - root - INFO - Received GET request for /static/vendor/aos/aos.css
2024-07-28 09:22:47,234 - root - INFO - Received GET request for /static/vendor/bootstrap/css/bootstrap.min.css
2024-07-28 09:22:47,241 - root - INFO - Received GET request for /static/vendor/bootstrap-icons/bootstrap-icons.css
2024-07-28 09:22:47,255 - root - INFO - Received GET request for /static/vendor/boxicons/css/boxicons.min.css
2024-07-28 09:22:47,270 - root - INFO - Received GET request for /static/vendor/glightbox/css/glightbox.min.css
2024-07-28 09:22:47,292 - root - INFO - Received GET request for /static/vendor/remixicon/remixicon.css
2024-07-28 09:22:47,297 - root - INFO - Received GET request for /static/vendor/swiper/swiper-bundle.min.css
2024-07-28 09:22:47,313 - root - INFO - Received GET request for /static/css/style.css
2024-07-28 09:22:47,317 - root - INFO - Received GET request for /static/vendor/purecounter/purecounter_vanilla.js
2024-07-28 09:22:47,339 - root - INFO - Received GET request for /static/vendor/aos/aos.js
2024-07-28 09:22:47,358 - root - INFO - Received GET request for /static/vendor/bootstrap/js/bootstrap.bundle.min.js
2024-07-28 09:22:47,377 - root - INFO - Received GET request for /static/vendor/glightbox/js/glightbox.min.js
2024-07-28 09:22:47,384 - root - INFO - Received GET request for /static/vendor/isotope-layout/isotope.pkgd.min.js
2024-07-28 09:22:47,399 - root - INFO - Received GET request for /static/vendor/swiper/swiper-bundle.min.js
2024-07-28 09:22:47,416 - root - INFO - Received GET request for /static/vendor/php-email-form/validate.js
2024-07-28 09:22:47,427 - root - INFO - Received GET request for /static/js/main.js
2024-07-28 09:22:47,432 - root - INFO - Received GET request for /static/img/hero-img.png
2024-07-28 09:24:15,497 - root - INFO - Received GET request for /login
2024-07-28 09:24:15,984 - root - INFO - Received GET request for /static//static/vendor/animate/animate.css
2024-07-28 09:27:52,934 - root - INFO - Starting WAF on port 8080, proxying to http://localhost:5000
2024-07-28 09:27:52,963 - root - INFO - Received GET request for /static/vendor/bootstrap/js/popper.js
2024-07-28 09:27:53,051 - root - INFO - Received GET request for /static/vendor/bootstrap/js/bootstrap.min.js
2024-07-28 09:27:53,088 - root - INFO - Received GET request for /static/vendor/select2/select2.min.js
2024-07-28 09:27:53,127 - root - INFO - Received GET request for /static/vendor/tilt/tilt.jquery.min.js
2024-07-28 09:27:53,218 - root - INFO - Received GET request for /js/main_login.js
2024-07-28 09:28:18,360 - root - INFO - Received GET request for /%3Cscript%3Ealert(1)%3C/script%3E
2024-07-28 09:30:45,548 - root - INFO - Starting WAF on port 8080, proxying to http://localhost:5000
2024-07-28 09:30:48,609 - root - INFO - Received GET request for /%3Cscript%3Ealert(1)%3C/script%3E
2024-07-28 09:30:48,612 - root - WARNING - Blocked malicious request: /%3Cscript%3Ealert(1)%3C/script%3E with body 
2024-07-28 10:26:16,087 - root - INFO - Starting WAF on port 8080, proxying to http://localhost:5000
2024-07-28 10:28:00,786 - root - INFO - Starting WAF on port 8080, proxying to http://localhost:5000
2024-07-28 10:28:17,447 - root - INFO - Received GET request for /%3Cscript%3Ealert(1)%3C/script%3E
2024-07-28 10:28:17,450 - root - WARNING - Blocked malicious request: /%3Cscript%3Ealert(1)%3C/script%3E with body 
2024-07-31 23:27:06,262 - root - INFO - Starting WAF on port 8080, proxying to http://localhost:5000
2024-08-01 01:17:26,888 - root - INFO - Starting WAF on port 8080, proxying to http://localhost:5000
2024-08-01 01:18:38,739 - root - INFO - Received GET request for /%3Cscript%3Ealert(1)%3C/script%3E
2024-08-01 01:18:38,742 - root - WARNING - Blocked malicious request: /%3Cscript%3Ealert(1)%3C/script%3E with body 
2024-08-01 01:18:52,304 - root - INFO - Received GET request for /%7B%7B7*7%7D%7D
2024-08-01 01:19:42,910 - root - INFO - Received GET request for /%3Cimg%20src=x%20onerror=alert(1)%3E
2024-08-01 01:19:42,926 - root - WARNING - Blocked malicious request: /%3Cimg%20src=x%20onerror=alert(1)%3E with body 
2024-08-01 01:21:27,527 - root - INFO - Starting WAF on port 8080, proxying to http://localhost:5000
2024-08-01 01:21:38,784 - root - INFO - Received GET request for /%7B%7B7*7%7D%7D
2024-08-01 01:21:38,810 - root - WARNING - Blocked malicious request: /%7B%7B7*7%7D%7D with body 
2024-08-01 02:05:24,423 - root - INFO - Starting WAF on port 8080, proxying to http://localhost:5000
2024-08-01 02:15:56,514 - root - INFO - Received GET request for /
2024-08-01 02:15:59,471 - root - INFO - Received GET request for /static/vendor/aos/aos.css
2024-08-01 02:15:59,514 - root - INFO - Received GET request for /static/vendor/bootstrap/css/bootstrap.min.css
2024-08-01 02:15:59,561 - root - INFO - Received GET request for /static/vendor/bootstrap-icons/bootstrap-icons.css
2024-08-01 02:15:59,593 - root - INFO - Received GET request for /static/vendor/boxicons/css/boxicons.min.css
2024-08-01 02:15:59,643 - root - INFO - Received GET request for /static/vendor/glightbox/css/glightbox.min.css
2024-08-01 02:15:59,671 - root - INFO - Received GET request for /static/vendor/remixicon/remixicon.css
2024-08-01 02:15:59,694 - root - INFO - Received GET request for /static/vendor/swiper/swiper-bundle.min.css
2024-08-01 02:15:59,744 - root - INFO - Received GET request for /static/css/style.css
2024-08-01 02:15:59,779 - root - INFO - Received GET request for /static/vendor/purecounter/purecounter_vanilla.js
2024-08-01 02:15:59,822 - root - INFO - Received GET request for /static/vendor/aos/aos.js
2024-08-01 02:15:59,836 - root - INFO - Received GET request for /static/vendor/bootstrap/js/bootstrap.bundle.min.js
2024-08-01 02:15:59,848 - root - INFO - Received GET request for /static/vendor/glightbox/js/glightbox.min.js
2024-08-01 02:15:59,934 - root - INFO - Received GET request for /static/vendor/isotope-layout/isotope.pkgd.min.js
2024-08-01 02:15:59,988 - root - INFO - Received GET request for /static/img/hero-img.png
2024-08-01 02:15:59,995 - root - INFO - Received GET request for /static/vendor/swiper/swiper-bundle.min.js
2024-08-01 02:16:00,003 - root - INFO - Received GET request for /static/vendor/php-email-form/validate.js
2024-08-01 02:16:00,008 - root - INFO - Received GET request for /static/js/main.js
2024-08-01 02:16:00,676 - root - INFO - Received GET request for /static/vendor/bootstrap-icons/fonts/bootstrap-icons.woff2?dd67030699838ea613ee6dbda90effa6
2024-08-01 02:16:00,841 - root - INFO - Received GET request for /static/vendor/purecounter/purecounter_vanilla.js
2024-08-01 02:16:00,878 - root - INFO - Received GET request for /static/vendor/aos/aos.js
2024-08-01 02:16:00,888 - root - INFO - Received GET request for /static/vendor/bootstrap/js/bootstrap.bundle.min.js
2024-08-01 02:16:00,935 - root - INFO - Received GET request for /static/vendor/swiper/swiper-bundle.min.js
2024-08-01 02:16:00,966 - root - INFO - Received GET request for /static/vendor/isotope-layout/isotope.pkgd.min.js
2024-08-01 02:16:00,990 - root - INFO - Received GET request for /static/vendor/glightbox/js/glightbox.min.js
2024-08-01 02:16:01,030 - root - INFO - Received GET request for /static/vendor/php-email-form/validate.js
2024-08-01 02:16:01,053 - root - INFO - Received GET request for /static/img/logo.png
2024-08-01 02:16:01,081 - root - INFO - Received GET request for /static/js/main.js
2024-08-01 02:16:22,631 - root - INFO - Received GET request for /%3Cscript%3Ealert(1)%3C/script%3E
2024-08-01 02:16:22,633 - root - WARNING - Blocked malicious request: /%3Cscript%3Ealert(1)%3C/script%3E with body 
2024-08-01 02:16:33,335 - root - INFO - Received GET request for /%7B%7B7*7%7D%7D
2024-08-01 02:16:33,339 - root - WARNING - Blocked malicious request: /%7B%7B7*7%7D%7D with body 
2024-08-01 02:21:00,141 - root - INFO - Received GET request for /%7B%7B7*7%7D%7D
2024-08-01 02:21:00,142 - root - WARNING - Blocked malicious request: /%7B%7B7*7%7D%7D with body 
2024-08-01 02:22:07,243 - root - INFO - Starting WAF on port 8080, proxying to http://localhost:5000
2024-08-01 02:27:38,538 - root - INFO - Received GET request for /%3Cimg%20src=x%20onerror=alert(1)%3E
2024-08-01 02:27:38,552 - root - WARNING - Blocked malicious request: /%3Cimg%20src=x%20onerror=alert(1)%3E with body 
2024-08-01 02:27:49,172 - root - INFO - Received GET request for /%3Csvg%20onload=alert(1)%3E
2024-08-01 02:27:49,172 - root - WARNING - Blocked malicious request: /%3Csvg%20onload=alert(1)%3E with body 
2024-08-01 02:27:53,061 - root - INFO - Received GET request for /%3Csvg%20onad=alert(1)%3E
2024-08-01 02:27:53,062 - root - WARNING - Blocked malicious request: /%3Csvg%20onad=alert(1)%3E with body 
2024-08-02 03:24:47,188 - root - INFO - Starting WAF on port 8080, proxying to http://localhost:5000
2024-08-02 03:25:25,750 - root - INFO - Received GET request for /%3Cscript%3Ealert(1)%3C/script%3E
2024-08-02 03:25:25,754 - root - WARNING - Blocked malicious request: /%3Cscript%3Ealert(1)%3C/script%3E with body 
2024-08-02 03:25:26,086 - root - INFO - Received GET request for /favicon.ico
2024-08-02 03:25:41,520 - root - INFO - Received GET request for /%3Cscript%3Ealert(1)%3C/script%3E
2024-08-02 03:25:41,530 - root - WARNING - Blocked malicious request: /%3Cscript%3Ealert(1)%3C/script%3E with body 
2024-08-02 03:25:41,967 - root - INFO - Received GET request for /favicon.ico
2024-08-02 03:25:45,000 - root - INFO - Starting WAF on port 8080, proxying to http://localhost:5000
2024-08-02 03:25:47,412 - root - INFO - Received GET request for /%3Cscript%3Ealert(1)%3C/script%3E
2024-08-02 03:25:47,420 - root - WARNING - Blocked malicious request: /%3Cscript%3Ealert(1)%3C/script%3E with body 
2024-08-02 03:26:07,716 - root - INFO - Received GET request for /%7B%7B7*7%7D%7D
2024-08-02 03:26:07,720 - root - WARNING - Blocked malicious request: /%7B%7B7*7%7D%7D with body 
2024-08-02 03:26:14,456 - root - INFO - Received GET request for /%7B%7B7*7%7D%7D
2024-08-02 03:26:14,456 - root - WARNING - Blocked malicious request: /%7B%7B7*7%7D%7D with body 
2024-08-02 03:26:15,598 - root - INFO - Received GET request for /%7B%7B7*7%7D%7D
2024-08-02 03:26:15,600 - root - WARNING - Blocked malicious request: /%7B%7B7*7%7D%7D with body 
2024-08-02 21:44:00,496 - root - INFO - Starting WAF on port 8085, proxying to http://localhost:5000
2024-08-02 21:44:28,848 - root - INFO - Received GET request for /
2024-08-02 21:44:29,444 - root - INFO - Received GET request for /static/vendor/aos/aos.css
2024-08-02 21:44:29,538 - root - INFO - Received GET request for /static/vendor/glightbox/css/glightbox.min.css
2024-08-02 21:44:29,562 - root - INFO - Received GET request for /static/vendor/bootstrap-icons/bootstrap-icons.css
2024-08-02 21:44:29,584 - root - INFO - Received GET request for /static/vendor/boxicons/css/boxicons.min.css
2024-08-02 21:44:29,644 - root - INFO - Received GET request for /static/vendor/bootstrap/css/bootstrap.min.css
2024-08-02 21:44:29,680 - root - INFO - Received GET request for /static/vendor/remixicon/remixicon.css
2024-08-02 21:44:29,732 - root - INFO - Received GET request for /static/css/style.css
2024-08-02 21:44:29,750 - root - INFO - Received GET request for /static/vendor/bootstrap/js/bootstrap.bundle.min.js
2024-08-02 21:44:29,777 - root - INFO - Received GET request for /static/vendor/aos/aos.js
2024-08-02 21:44:29,785 - root - INFO - Received GET request for /static/vendor/isotope-layout/isotope.pkgd.min.js
2024-08-02 21:44:30,506 - root - INFO - Received GET request for /static/vendor/swiper/swiper-bundle.min.css
2024-08-02 21:44:30,595 - root - INFO - Received GET request for /static/vendor/purecounter/purecounter_vanilla.js
2024-08-02 21:44:30,634 - root - INFO - Received GET request for /static/vendor/glightbox/js/glightbox.min.js
2024-08-02 21:44:30,695 - root - INFO - Received GET request for /static/vendor/swiper/swiper-bundle.min.js
2024-08-02 21:44:30,759 - root - INFO - Received GET request for /static/js/main.js
2024-08-02 21:44:30,803 - root - INFO - Received GET request for /static/vendor/php-email-form/validate.js
2024-08-02 21:44:35,653 - root - INFO - Received GET request for /static/img/hero-img.png
2024-08-02 21:44:35,684 - root - INFO - Received GET request for /static/img/apple-touch-icon.png
2024-08-02 21:44:35,718 - root - INFO - Received GET request for /static/img/logo.png
2024-08-02 21:44:35,879 - root - INFO - Received GET request for /static/vendor/bootstrap-icons/fonts/bootstrap-icons.woff2?dd67030699838ea613ee6dbda90effa6
2024-08-02 21:45:42,660 - root - INFO - Received GET request for /%3Cscript%3Ealert(1)%3C/script%3E
2024-08-02 21:45:42,663 - root - WARNING - Blocked malicious request: /%3Cscript%3Ealert(1)%3C/script%3E with body 
2024-08-02 21:45:43,229 - root - INFO - Received GET request for /favicon.ico
2024-08-02 21:46:12,870 - root - INFO - Received GET request for /%3Cimg%20src=x%20onload=alert(1)%3E
2024-08-02 21:46:12,870 - root - WARNING - Blocked malicious request: /%3Cimg%20src=x%20onload=alert(1)%3E with body 
2024-08-02 21:46:26,432 - root - INFO - Received GET request for /%7B%7B7*7%7D%7D
2024-08-02 21:46:26,436 - root - WARNING - Blocked malicious request: /%7B%7B7*7%7D%7D with body 
2024-08-02 22:42:47,878 - root - INFO - Received GET request for /
2024-08-02 22:42:48,987 - root - INFO - Received GET request for /static/vendor/aos/aos.css
2024-08-02 22:42:49,040 - root - INFO - Received GET request for /static/vendor/bootstrap-icons/bootstrap-icons.css
2024-08-02 22:42:49,059 - root - INFO - Received GET request for /static/vendor/boxicons/css/boxicons.min.css
2024-08-02 22:42:49,079 - root - INFO - Received GET request for /static/vendor/bootstrap/css/bootstrap.min.css
2024-08-02 22:42:49,108 - root - INFO - Received GET request for /static/vendor/glightbox/css/glightbox.min.css
2024-08-02 22:42:49,133 - root - INFO - Received GET request for /static/css/style.css
2024-08-02 22:42:49,156 - root - INFO - Received GET request for /static/vendor/swiper/swiper-bundle.min.css
2024-08-02 22:42:49,186 - root - INFO - Received GET request for /static/vendor/remixicon/remixicon.css
2024-08-02 22:42:49,225 - root - INFO - Received GET request for /static/vendor/purecounter/purecounter_vanilla.js
2024-08-02 22:42:49,255 - root - INFO - Received GET request for /static/vendor/glightbox/js/glightbox.min.js
2024-08-02 22:42:49,308 - root - INFO - Received GET request for /static/vendor/swiper/swiper-bundle.min.js
2024-08-02 22:42:49,336 - root - INFO - Received GET request for /static/vendor/php-email-form/validate.js
2024-08-02 22:42:50,122 - root - INFO - Received GET request for /static/vendor/isotope-layout/isotope.pkgd.min.js
2024-08-02 22:42:50,221 - root - INFO - Received GET request for /static/vendor/bootstrap/js/bootstrap.bundle.min.js
2024-08-02 22:42:50,260 - root - INFO - Received GET request for /static/vendor/aos/aos.js
2024-08-02 22:42:50,306 - root - INFO - Received GET request for /static/js/main.js
2024-08-02 22:42:54,489 - root - INFO - Received GET request for /static/img/hero-img.png
2024-08-02 22:42:57,197 - root - INFO - Received GET request for /static/vendor/bootstrap-icons/fonts/bootstrap-icons.woff2?dd67030699838ea613ee6dbda90effa6
2024-08-02 22:43:21,408 - root - INFO - Received GET request for /%3Cscript%3Ealert(1)%3C/script%3E
2024-08-02 22:43:21,411 - root - WARNING - Blocked malicious request: /%3Cscript%3Ealert(1)%3C/script%3E with body 
2024-08-03 00:21:36,269 - root - INFO - Received GET request for /
2024-08-03 00:21:37,426 - root - INFO - Received GET request for /static/vendor/bootstrap/css/bootstrap.min.css
2024-08-03 00:21:37,458 - root - INFO - Received GET request for /static/vendor/bootstrap-icons/bootstrap-icons.css
2024-08-03 00:21:37,495 - root - INFO - Received GET request for /static/vendor/aos/aos.css
2024-08-03 00:21:37,510 - root - INFO - Received GET request for /static/vendor/glightbox/css/glightbox.min.css
2024-08-03 00:21:37,549 - root - INFO - Received GET request for /static/vendor/boxicons/css/boxicons.min.css
2024-08-03 00:21:37,600 - root - INFO - Received GET request for /static/css/style.css
2024-08-03 00:21:37,615 - root - INFO - Received GET request for /static/vendor/remixicon/remixicon.css
2024-08-03 00:21:37,651 - root - INFO - Received GET request for /static/vendor/swiper/swiper-bundle.min.css
2024-08-03 00:21:37,674 - root - INFO - Received GET request for /static/vendor/purecounter/purecounter_vanilla.js
2024-08-03 00:21:37,684 - root - INFO - Received GET request for /static/vendor/bootstrap/js/bootstrap.bundle.min.js
2024-08-03 00:21:37,703 - root - INFO - Received GET request for /static/vendor/aos/aos.js
2024-08-03 00:21:38,538 - root - INFO - Received GET request for /static/vendor/glightbox/js/glightbox.min.js
2024-08-03 00:21:38,601 - root - INFO - Received GET request for /static/vendor/isotope-layout/isotope.pkgd.min.js
2024-08-03 00:21:38,646 - root - INFO - Received GET request for /static/vendor/swiper/swiper-bundle.min.js
2024-08-03 00:21:38,662 - root - INFO - Received GET request for /static/vendor/php-email-form/validate.js
2024-08-03 00:21:38,692 - root - INFO - Received GET request for /static/js/main.js
2024-08-03 00:21:43,747 - root - INFO - Received GET request for /static/img/hero-img.png
2024-08-03 00:21:44,025 - root - INFO - Received GET request for /static/vendor/bootstrap-icons/fonts/bootstrap-icons.woff2?dd67030699838ea613ee6dbda90effa6
2024-08-03 00:22:10,225 - root - INFO - Received GET request for /%3Cscript%3Ealert(1)%3C/script%3E
2024-08-03 00:22:10,228 - root - WARNING - Blocked malicious request: /%3Cscript%3Ealert(1)%3C/script%3E with body 
2024-08-03 00:50:55,264 - root - INFO - Starting WAF on port 8085, proxying to http://localhost:5000
2024-08-03 00:51:28,559 - root - INFO - Received GET request for /
2024-08-03 00:51:29,126 - root - INFO - Received GET request for /static/vendor/aos/aos.css
2024-08-03 00:51:29,161 - root - INFO - Received GET request for /static/vendor/swiper/swiper-bundle.min.css
2024-08-03 00:51:29,177 - root - INFO - Received GET request for /static/vendor/boxicons/css/boxicons.min.css
2024-08-03 00:51:29,192 - root - INFO - Received GET request for /static/vendor/glightbox/css/glightbox.min.css
2024-08-03 00:51:29,207 - root - INFO - Received GET request for /static/vendor/aos/aos.js
2024-08-03 00:51:29,231 - root - INFO - Received GET request for /static/vendor/purecounter/purecounter_vanilla.js
2024-08-03 00:51:29,253 - root - INFO - Received GET request for /static/vendor/bootstrap/css/bootstrap.min.css
2024-08-03 00:51:29,265 - root - INFO - Received GET request for /static/css/style.css
2024-08-03 00:51:29,284 - root - INFO - Received GET request for /static/vendor/bootstrap-icons/bootstrap-icons.css
2024-08-03 00:51:29,301 - root - INFO - Received GET request for /static/js/main.js
2024-08-03 00:51:30,191 - root - INFO - Received GET request for /static/vendor/remixicon/remixicon.css
2024-08-03 00:51:30,199 - root - INFO - Received GET request for /static/vendor/isotope-layout/isotope.pkgd.min.js
2024-08-03 00:51:30,221 - root - INFO - Received GET request for /static/vendor/glightbox/js/glightbox.min.js
2024-08-03 00:51:30,246 - root - INFO - Received GET request for /static/vendor/bootstrap/js/bootstrap.bundle.min.js
2024-08-03 00:51:30,264 - root - INFO - Received GET request for /static/vendor/php-email-form/validate.js
2024-08-03 00:51:30,283 - root - INFO - Received GET request for /static/vendor/swiper/swiper-bundle.min.js
2024-08-03 00:51:35,343 - root - INFO - Received GET request for /static/img/hero-img.png
2024-08-03 00:51:54,871 - root - INFO - Received GET request for /%3Cscript%3Ealert(1)%3C/script%3E
2024-08-03 00:51:54,872 - root - WARNING - Blocked malicious request: /%3Cscript%3Ealert(1)%3C/script%3E with body 
2024-08-03 00:54:55,400 - root - INFO - Received GET request for /
2024-08-03 00:54:55,848 - root - INFO - Received GET request for /static/vendor/aos/aos.css
2024-08-03 00:54:55,875 - root - INFO - Received GET request for /static/vendor/bootstrap/css/bootstrap.min.css
2024-08-03 00:54:55,897 - root - INFO - Received GET request for /static/vendor/bootstrap-icons/bootstrap-icons.css
2024-08-03 00:54:55,938 - root - INFO - Received GET request for /static/vendor/glightbox/css/glightbox.min.css
2024-08-03 00:54:55,967 - root - INFO - Received GET request for /static/vendor/boxicons/css/boxicons.min.css
2024-08-03 00:54:55,996 - root - INFO - Received GET request for /static/vendor/remixicon/remixicon.css
2024-08-03 00:54:56,002 - root - INFO - Received GET request for /static/vendor/swiper/swiper-bundle.min.css
2024-08-03 00:54:56,009 - root - INFO - Received GET request for /static/css/style.css
2024-08-03 00:54:56,044 - root - INFO - Received GET request for /static/vendor/bootstrap/js/bootstrap.bundle.min.js
2024-08-03 00:54:56,068 - root - INFO - Received GET request for /static/vendor/glightbox/js/glightbox.min.js
2024-08-03 00:54:56,073 - root - INFO - Received GET request for /static/js/main.js
2024-08-03 00:54:56,944 - root - INFO - Received GET request for /static/vendor/aos/aos.js
2024-08-03 00:54:56,976 - root - INFO - Received GET request for /static/vendor/purecounter/purecounter_vanilla.js
2024-08-03 00:54:56,981 - root - INFO - Received GET request for /static/vendor/isotope-layout/isotope.pkgd.min.js
2024-08-03 00:54:56,991 - root - INFO - Received GET request for /static/vendor/php-email-form/validate.js
2024-08-03 00:54:56,996 - root - INFO - Received GET request for /static/vendor/swiper/swiper-bundle.min.js
2024-08-03 00:55:02,081 - root - INFO - Received GET request for /static/img/hero-img.png
2024-08-03 00:55:10,947 - root - INFO - Starting WAF on port 8085, proxying to http://localhost:5000
2024-08-03 00:55:43,599 - root - INFO - Received GET request for /%3Cscript%3Ealert(1)%3C/script%3E
2024-08-03 00:55:43,600 - root - WARNING - Blocked malicious request: /%3Cscript%3Ealert(1)%3C/script%3E with body 
2025-02-11 10:10:01,148 - root - INFO - Starting WAF on port 8085, proxying to http://localhost:5000
2025-02-11 10:11:26,396 - root - INFO - Starting WAF on port 8085, proxying to http://localhost:8080
2025-02-11 10:11:37,921 - root - INFO - Received GET request for /
2025-02-11 10:11:40,902 - root - INFO - Received GET request for /management/info
2025-02-11 10:11:40,972 - root - INFO - Received GET request for /api/account
2025-02-11 10:11:57,548 - root - INFO - Received GET request for /%3Cscript%3Ealert(1)%3C/script%3E
2025-02-11 10:11:57,549 - root - WARNING - Blocked malicious request: /%3Cscript%3Ealert(1)%3C/script%3E with body 
2025-02-11 10:13:03,397 - root - INFO - Starting WAF on port 8085, proxying to http://localhost:8080
2025-02-11 10:13:13,882 - root - INFO - Received GET request for /'%20union%20select
2025-02-11 10:13:22,477 - root - INFO - Received GET request for /'%20union%20select
2025-02-11 10:13:27,202 - root - INFO - Received GET request for /'
2025-02-11 10:13:31,747 - root - INFO - Received GET request for /
2025-02-11 10:13:34,376 - root - INFO - Received GET request for /management/info
2025-02-11 10:13:34,452 - root - INFO - Received GET request for /api/account
2025-02-11 10:13:45,644 - root - INFO - Received GET request for /'%20union%20select
2025-02-11 10:14:19,194 - root - INFO - Received GET request for /OR%20%22a%22=%22a%22
2025-02-11 10:14:27,524 - root - INFO - Received GET request for /%3C%3EOR%20%22a%22=%22a%22
2025-02-11 10:14:44,068 - root - INFO - Received POST request for /api/authentication
2025-02-11 10:14:44,071 - root - WARNING - Blocked malicious request: /api/authentication with body j_username=%3Cscript%3Ealert(1)%3C%2Fscript%3E&j_password=asdf&remember-me=undefined&submit=Login
2025-02-11 10:14:44,376 - root - INFO - Received POST request for /api/logout
2025-02-11 10:14:44,402 - root - INFO - Received GET request for /api/account
2025-02-11 10:15:23,506 - root - INFO - Received GET request for /%3Cscript%3Ealert(1)%3C/script%3E
2025-02-11 10:15:23,507 - root - WARNING - Blocked malicious request: /%3Cscript%3Ealert(1)%3C/script%3E with body 
2025-02-11 10:16:13,558 - root - INFO - Received GET request for /
2025-02-11 10:16:16,337 - root - INFO - Received GET request for /management/info
2025-02-11 10:16:16,403 - root - INFO - Received GET request for /api/account
2025-02-11 10:16:21,197 - root - INFO - Received GET request for /union
2025-02-11 10:16:36,552 - root - INFO - Received GET request for /%3Cscript%3E%20union
2025-02-11 10:17:10,313 - root - INFO - Starting WAF on port 8085, proxying to http://localhost:8080
2025-02-11 10:17:15,709 - root - INFO - Received GET request for /
2025-02-11 10:17:18,469 - root - INFO - Received GET request for /management/info
2025-02-11 10:17:18,539 - root - INFO - Received GET request for /api/account
2025-02-11 10:17:22,310 - root - INFO - Received GET request for /union
2025-02-11 10:17:22,312 - root - WARNING - Blocked malicious request: /union with body 
2025-02-11 10:17:30,809 - root - INFO - Received GET request for /'%20union%20select
2025-02-11 10:17:30,809 - root - WARNING - Blocked malicious request: /'%20union%20select with body 
2025-02-11 10:23:31,791 - root - INFO - Starting WAF on port 8085, proxying to http://localhost:8080
2025-02-11 10:29:34,212 - root - INFO - Received GET request for /'%20union%20select%201,2,3,4
2025-02-11 10:29:34,213 - root - WARNING - Blocked malicious request: /'%20union%20select%201,2,3,4 with body 
2025-02-11 10:30:43,036 - root - INFO - Received GET request for /
2025-02-11 10:30:46,041 - root - INFO - Received GET request for /management/info
2025-02-11 10:30:46,097 - root - INFO - Received GET request for /api/account
2025-02-11 10:34:28,497 - root - INFO - Received GET request for /
2025-02-11 10:34:28,582 - root - INFO - Received GET request for /app/polyfills.bundle.js
2025-02-11 10:37:07,725 - root - INFO - Received GET request for /app/main.bundle.js
2025-02-11 10:37:07,949 - root - INFO - Received GET request for /app/global.bundle.js
2025-02-11 10:37:40,500 - root - INFO - Received GET request for /
2025-02-11 10:37:40,692 - root - INFO - Received GET request for /app/polyfills.bundle.js
2025-02-11 10:37:43,952 - root - INFO - Received GET request for /favicon.ico
2025-02-11 10:39:13,741 - root - INFO - Received GET request for /
2025-02-11 10:39:13,865 - root - INFO - Received GET request for /app/global.bundle.js
2025-02-11 10:40:38,572 - root - INFO - Starting WAF on port 8085, proxying to http://localhost:8080
2025-02-11 10:40:42,236 - root - INFO - Received GET request for /
2025-02-11 10:40:42,451 - root - INFO - Received GET request for /app/main.bundle.js
2025-02-11 10:40:45,100 - root - INFO - Received GET request for /management/info
2025-02-11 10:40:45,112 - root - INFO - Received GET request for /app/polyfills.bundle.js
2025-02-11 10:42:41,178 - root - INFO - Received GET request for /app/global.bundle.js
2025-02-11 10:44:36,417 - root - INFO - Received GET request for /app/main.bundle.js
2025-02-11 10:46:31,691 - root - INFO - Received GET request for /api/account
2025-02-11 10:46:32,724 - root - INFO - Received GET request for /content/a30deb26b4eb1521433021e326cbcc2c.png
2025-02-11 10:48:27,746 - root - INFO - Received GET request for /content/ca854e6d0785ba4b9d715049c0bdbcb3.png
